Oct 11, 2019 10:15:04 PM javafx.fxml.FXMLLoader$ValueElement processValue
WARNING: Loading FXML document with JavaFX API of version 10.0.1 by JavaFX runtime of version 8.0.201
Oct 11, 2019 10:16:17 PM javafx.fxml.FXMLLoader$ValueElement processValue
WARNING: Loading FXML document with JavaFX API of version 10.0.1 by JavaFX runtime of version 8.0.201
Oct 11, 2019 11:47:50 PM javafx.fxml.FXMLLoader$ValueElement processValue
WARNING: Loading FXML document with JavaFX API of version 10.0.1 by JavaFX runtime of version 8.0.201
Oct 14, 2019 7:34:29 PM javafx.fxml.FXMLLoader$ValueElement processValue
WARNING: Loading FXML document with JavaFX API of version 10.0.1 by JavaFX runtime of version 8.0.201
Oct 14, 2019 7:37:40 PM javafx.fxml.FXMLLoader$ValueElement processValue
WARNING: Loading FXML document with JavaFX API of version 10.0.1 by JavaFX runtime of version 8.0.201
Oct 14, 2019 7:37:44 PM javafx.fxml.FXMLLoader$ValueElement processValue
WARNING: Loading FXML document with JavaFX API of version 10.0.1 by JavaFX runtime of version 8.0.201
Oct 14, 2019 7:37:49 PM lk.nsbm.dep.booking.controller.DriverFormController btn_new_Act
SEVERE: null
com.mysql.jdbc.exceptions.jdbc4.MySQLSyntaxErrorException: Unknown column 'conId' in 'order clause'
	at sun.reflect.NativeConstructorAccessorImpl.newInstance0(Native Method)
	at sun.reflect.NativeConstructorAccessorImpl.newInstance(NativeConstructorAccessorImpl.java:62)
	at sun.reflect.DelegatingConstructorAccessorImpl.newInstance(DelegatingConstructorAccessorImpl.java:45)
	at java.lang.reflect.Constructor.newInstance(Constructor.java:423)
	at com.mysql.jdbc.Util.handleNewInstance(Util.java:425)
	at com.mysql.jdbc.Util.getInstance(Util.java:408)
	at com.mysql.jdbc.SQLError.createSQLException(SQLError.java:944)
	at com.mysql.jdbc.MysqlIO.checkErrorPacket(MysqlIO.java:3933)
	at com.mysql.jdbc.MysqlIO.checkErrorPacket(MysqlIO.java:3869)
	at com.mysql.jdbc.MysqlIO.sendCommand(MysqlIO.java:2524)
	at com.mysql.jdbc.MysqlIO.sqlQueryDirect(MysqlIO.java:2675)
	at com.mysql.jdbc.ConnectionImpl.execSQL(ConnectionImpl.java:2465)
	at com.mysql.jdbc.PreparedStatement.executeInternal(PreparedStatement.java:1912)
	at com.mysql.jdbc.PreparedStatement.executeQuery(PreparedStatement.java:2020)
	at lk.nsbm.dep.booking.dao.CrudUtil.execute(CrudUtil.java:16)
	at lk.nsbm.dep.booking.dao.custom.impl.DriverDAOImpl.getLastdrvId(DriverDAOImpl.java:64)
	at lk.nsbm.dep.booking.business.custom.Impl.DriverBOImpl.getLastDriverId(DriverBOImpl.java:45)
	at lk.nsbm.dep.booking.controller.DriverFormController.btn_new_Act(DriverFormController.java:110)
	at sun.reflect.NativeMethodAccessorImpl.invoke0(Native Method)
	at sun.reflect.NativeMethodAccessorImpl.invoke(NativeMethodAccessorImpl.java:62)
	at sun.reflect.DelegatingMethodAccessorImpl.invoke(DelegatingMethodAccessorImpl.java:43)
	at java.lang.reflect.Method.invoke(Method.java:498)
	at sun.reflect.misc.Trampoline.invoke(MethodUtil.java:71)
	at sun.reflect.GeneratedMethodAccessor1.invoke(Unknown Source)
	at sun.reflect.DelegatingMethodAccessorImpl.invoke(DelegatingMethodAccessorImpl.java:43)
	at java.lang.reflect.Method.invoke(Method.java:498)
	at sun.reflect.misc.MethodUtil.invoke(MethodUtil.java:275)
	at javafx.fxml.FXMLLoader$MethodHandler.invoke(FXMLLoader.java:1769)
	at javafx.fxml.FXMLLoader$ControllerMethodEventHandler.handle(FXMLLoader.java:1657)
	at com.sun.javafx.event.CompositeEventHandler.dispatchBubblingEvent(CompositeEventHandler.java:86)
	at com.sun.javafx.event.EventHandlerManager.dispatchBubblingEvent(EventHandlerManager.java:238)
	at com.sun.javafx.event.EventHandlerManager.dispatchBubblingEvent(EventHandlerManager.java:191)
	at com.sun.javafx.event.CompositeEventDispatcher.dispatchBubblingEvent(CompositeEventDispatcher.java:59)
	at com.sun.javafx.event.BasicEventDispatcher.dispatchEvent(BasicEventDispatcher.java:58)
	at com.sun.javafx.event.EventDispatchChainImpl.dispatchEvent(EventDispatchChainImpl.java:114)
	at com.sun.javafx.event.BasicEventDispatcher.dispatchEvent(BasicEventDispatcher.java:56)
	at com.sun.javafx.event.EventDispatchChainImpl.dispatchEvent(EventDispatchChainImpl.java:114)
	at com.sun.javafx.event.BasicEventDispatcher.dispatchEvent(BasicEventDispatcher.java:56)
	at com.sun.javafx.event.EventDispatchChainImpl.dispatchEvent(EventDispatchChainImpl.java:114)
	at com.sun.javafx.event.EventUtil.fireEventImpl(EventUtil.java:74)
	at com.sun.javafx.event.EventUtil.fireEvent(EventUtil.java:49)
	at javafx.event.Event.fireEvent(Event.java:198)
	at javafx.scene.Node.fireEvent(Node.java:8411)
	at javafx.scene.control.Button.fire(Button.java:185)
	at com.sun.javafx.scene.control.behavior.ButtonBehavior.mouseReleased(ButtonBehavior.java:182)
	at com.sun.javafx.scene.control.skin.BehaviorSkinBase$1.handle(BehaviorSkinBase.java:96)
	at com.sun.javafx.scene.control.skin.BehaviorSkinBase$1.handle(BehaviorSkinBase.java:89)
	at com.sun.javafx.event.CompositeEventHandler$NormalEventHandlerRecord.handleBubblingEvent(CompositeEventHandler.java:218)
	at com.sun.javafx.event.CompositeEventHandler.dispatchBubblingEvent(CompositeEventHandler.java:80)
	at com.sun.javafx.event.EventHandlerManager.dispatchBubblingEvent(EventHandlerManager.java:238)
	at com.sun.javafx.event.EventHandlerManager.dispatchBubblingEvent(EventHandlerManager.java:191)
	at com.sun.javafx.event.CompositeEventDispatcher.dispatchBubblingEvent(CompositeEventDispatcher.java:59)
	at com.sun.javafx.event.BasicEventDispatcher.dispatchEvent(BasicEventDispatcher.java:58)
	at com.sun.javafx.event.EventDispatchChainImpl.dispatchEvent(EventDispatchChainImpl.java:114)
	at com.sun.javafx.event.BasicEventDispatcher.dispatchEvent(BasicEventDispatcher.java:56)
	at com.sun.javafx.event.EventDispatchChainImpl.dispatchEvent(EventDispatchChainImpl.java:114)
	at com.sun.javafx.event.BasicEventDispatcher.dispatchEvent(BasicEventDispatcher.java:56)
	at com.sun.javafx.event.EventDispatchChainImpl.dispatchEvent(EventDispatchChainImpl.java:114)
	at com.sun.javafx.event.EventUtil.fireEventImpl(EventUtil.java:74)
	at com.sun.javafx.event.EventUtil.fireEvent(EventUtil.java:54)
	at javafx.event.Event.fireEvent(Event.java:198)
	at javafx.scene.Scene$MouseHandler.process(Scene.java:3757)
	at javafx.scene.Scene$MouseHandler.access$1500(Scene.java:3485)
	at javafx.scene.Scene.impl_processMouseEvent(Scene.java:1762)
	at javafx.scene.Scene$ScenePeerListener.mouseEvent(Scene.java:2494)
	at com.sun.javafx.tk.quantum.GlassViewEventHandler$MouseEventNotification.run(GlassViewEventHandler.java:394)
	at com.sun.javafx.tk.quantum.GlassViewEventHandler$MouseEventNotification.run(GlassViewEventHandler.java:295)
	at java.security.AccessController.doPrivileged(Native Method)
	at com.sun.javafx.tk.quantum.GlassViewEventHandler.lambda$handleMouseEvent$353(GlassViewEventHandler.java:432)
	at com.sun.javafx.tk.quantum.QuantumToolkit.runWithoutRenderLock(QuantumToolkit.java:389)
	at com.sun.javafx.tk.quantum.GlassViewEventHandler.handleMouseEvent(GlassViewEventHandler.java:431)
	at com.sun.glass.ui.View.handleMouseEvent(View.java:555)
	at com.sun.glass.ui.View.notifyMouse(View.java:937)
	at com.sun.glass.ui.win.WinApplication._runLoop(Native Method)
	at com.sun.glass.ui.win.WinApplication.lambda$null$147(WinApplication.java:177)
	at java.lang.Thread.run(Thread.java:748)

Oct 14, 2019 7:37:56 PM lk.nsbm.dep.booking.controller.DriverFormController btn_new_Act
SEVERE: null
com.mysql.jdbc.exceptions.jdbc4.MySQLSyntaxErrorException: Unknown column 'conId' in 'order clause'
	at sun.reflect.NativeConstructorAccessorImpl.newInstance0(Native Method)
	at sun.reflect.NativeConstructorAccessorImpl.newInstance(NativeConstructorAccessorImpl.java:62)
	at sun.reflect.DelegatingConstructorAccessorImpl.newInstance(DelegatingConstructorAccessorImpl.java:45)
	at java.lang.reflect.Constructor.newInstance(Constructor.java:423)
	at com.mysql.jdbc.Util.handleNewInstance(Util.java:425)
	at com.mysql.jdbc.Util.getInstance(Util.java:408)
	at com.mysql.jdbc.SQLError.createSQLException(SQLError.java:944)
	at com.mysql.jdbc.MysqlIO.checkErrorPacket(MysqlIO.java:3933)
	at com.mysql.jdbc.MysqlIO.checkErrorPacket(MysqlIO.java:3869)
	at com.mysql.jdbc.MysqlIO.sendCommand(MysqlIO.java:2524)
	at com.mysql.jdbc.MysqlIO.sqlQueryDirect(MysqlIO.java:2675)
	at com.mysql.jdbc.ConnectionImpl.execSQL(ConnectionImpl.java:2465)
	at com.mysql.jdbc.PreparedStatement.executeInternal(PreparedStatement.java:1912)
	at com.mysql.jdbc.PreparedStatement.executeQuery(PreparedStatement.java:2020)
	at lk.nsbm.dep.booking.dao.CrudUtil.execute(CrudUtil.java:16)
	at lk.nsbm.dep.booking.dao.custom.impl.DriverDAOImpl.getLastdrvId(DriverDAOImpl.java:64)
	at lk.nsbm.dep.booking.business.custom.Impl.DriverBOImpl.getLastDriverId(DriverBOImpl.java:45)
	at lk.nsbm.dep.booking.controller.DriverFormController.btn_new_Act(DriverFormController.java:110)
	at sun.reflect.NativeMethodAccessorImpl.invoke0(Native Method)
	at sun.reflect.NativeMethodAccessorImpl.invoke(NativeMethodAccessorImpl.java:62)
	at sun.reflect.DelegatingMethodAccessorImpl.invoke(DelegatingMethodAccessorImpl.java:43)
	at java.lang.reflect.Method.invoke(Method.java:498)
	at sun.reflect.misc.Trampoline.invoke(MethodUtil.java:71)
	at sun.reflect.GeneratedMethodAccessor1.invoke(Unknown Source)
	at sun.reflect.DelegatingMethodAccessorImpl.invoke(DelegatingMethodAccessorImpl.java:43)
	at java.lang.reflect.Method.invoke(Method.java:498)
	at sun.reflect.misc.MethodUtil.invoke(MethodUtil.java:275)
	at javafx.fxml.FXMLLoader$MethodHandler.invoke(FXMLLoader.java:1769)
	at javafx.fxml.FXMLLoader$ControllerMethodEventHandler.handle(FXMLLoader.java:1657)
	at com.sun.javafx.event.CompositeEventHandler.dispatchBubblingEvent(CompositeEventHandler.java:86)
	at com.sun.javafx.event.EventHandlerManager.dispatchBubblingEvent(EventHandlerManager.java:238)
	at com.sun.javafx.event.EventHandlerManager.dispatchBubblingEvent(EventHandlerManager.java:191)
	at com.sun.javafx.event.CompositeEventDispatcher.dispatchBubblingEvent(CompositeEventDispatcher.java:59)
	at com.sun.javafx.event.BasicEventDispatcher.dispatchEvent(BasicEventDispatcher.java:58)
	at com.sun.javafx.event.EventDispatchChainImpl.dispatchEvent(EventDispatchChainImpl.java:114)
	at com.sun.javafx.event.BasicEventDispatcher.dispatchEvent(BasicEventDispatcher.java:56)
	at com.sun.javafx.event.EventDispatchChainImpl.dispatchEvent(EventDispatchChainImpl.java:114)
	at com.sun.javafx.event.BasicEventDispatcher.dispatchEvent(BasicEventDispatcher.java:56)
	at com.sun.javafx.event.EventDispatchChainImpl.dispatchEvent(EventDispatchChainImpl.java:114)
	at com.sun.javafx.event.EventUtil.fireEventImpl(EventUtil.java:74)
	at com.sun.javafx.event.EventUtil.fireEvent(EventUtil.java:49)
	at javafx.event.Event.fireEvent(Event.java:198)
	at javafx.scene.Node.fireEvent(Node.java:8411)
	at javafx.scene.control.Button.fire(Button.java:185)
	at com.sun.javafx.scene.control.behavior.ButtonBehavior.mouseReleased(ButtonBehavior.java:182)
	at com.sun.javafx.scene.control.skin.BehaviorSkinBase$1.handle(BehaviorSkinBase.java:96)
	at com.sun.javafx.scene.control.skin.BehaviorSkinBase$1.handle(BehaviorSkinBase.java:89)
	at com.sun.javafx.event.CompositeEventHandler$NormalEventHandlerRecord.handleBubblingEvent(CompositeEventHandler.java:218)
	at com.sun.javafx.event.CompositeEventHandler.dispatchBubblingEvent(CompositeEventHandler.java:80)
	at com.sun.javafx.event.EventHandlerManager.dispatchBubblingEvent(EventHandlerManager.java:238)
	at com.sun.javafx.event.EventHandlerManager.dispatchBubblingEvent(EventHandlerManager.java:191)
	at com.sun.javafx.event.CompositeEventDispatcher.dispatchBubblingEvent(CompositeEventDispatcher.java:59)
	at com.sun.javafx.event.BasicEventDispatcher.dispatchEvent(BasicEventDispatcher.java:58)
	at com.sun.javafx.event.EventDispatchChainImpl.dispatchEvent(EventDispatchChainImpl.java:114)
	at com.sun.javafx.event.BasicEventDispatcher.dispatchEvent(BasicEventDispatcher.java:56)
	at com.sun.javafx.event.EventDispatchChainImpl.dispatchEvent(EventDispatchChainImpl.java:114)
	at com.sun.javafx.event.BasicEventDispatcher.dispatchEvent(BasicEventDispatcher.java:56)
	at com.sun.javafx.event.EventDispatchChainImpl.dispatchEvent(EventDispatchChainImpl.java:114)
	at com.sun.javafx.event.EventUtil.fireEventImpl(EventUtil.java:74)
	at com.sun.javafx.event.EventUtil.fireEvent(EventUtil.java:54)
	at javafx.event.Event.fireEvent(Event.java:198)
	at javafx.scene.Scene$MouseHandler.process(Scene.java:3757)
	at javafx.scene.Scene$MouseHandler.access$1500(Scene.java:3485)
	at javafx.scene.Scene.impl_processMouseEvent(Scene.java:1762)
	at javafx.scene.Scene$ScenePeerListener.mouseEvent(Scene.java:2494)
	at com.sun.javafx.tk.quantum.GlassViewEventHandler$MouseEventNotification.run(GlassViewEventHandler.java:394)
	at com.sun.javafx.tk.quantum.GlassViewEventHandler$MouseEventNotification.run(GlassViewEventHandler.java:295)
	at java.security.AccessController.doPrivileged(Native Method)
	at com.sun.javafx.tk.quantum.GlassViewEventHandler.lambda$handleMouseEvent$353(GlassViewEventHandler.java:432)
	at com.sun.javafx.tk.quantum.QuantumToolkit.runWithoutRenderLock(QuantumToolkit.java:389)
	at com.sun.javafx.tk.quantum.GlassViewEventHandler.handleMouseEvent(GlassViewEventHandler.java:431)
	at com.sun.glass.ui.View.handleMouseEvent(View.java:555)
	at com.sun.glass.ui.View.notifyMouse(View.java:937)
	at com.sun.glass.ui.win.WinApplication._runLoop(Native Method)
	at com.sun.glass.ui.win.WinApplication.lambda$null$147(WinApplication.java:177)
	at java.lang.Thread.run(Thread.java:748)

Oct 14, 2019 7:38:15 PM javafx.fxml.FXMLLoader$ValueElement processValue
WARNING: Loading FXML document with JavaFX API of version 10.0.1 by JavaFX runtime of version 8.0.201
Oct 14, 2019 7:38:20 PM javafx.fxml.FXMLLoader$ValueElement processValue
WARNING: Loading FXML document with JavaFX API of version 10.0.1 by JavaFX runtime of version 8.0.201
Oct 14, 2019 7:38:22 PM lk.nsbm.dep.booking.controller.DriverFormController btn_new_Act
SEVERE: null
com.mysql.jdbc.exceptions.jdbc4.MySQLSyntaxErrorException: Unknown column 'conId' in 'order clause'
	at sun.reflect.NativeConstructorAccessorImpl.newInstance0(Native Method)
	at sun.reflect.NativeConstructorAccessorImpl.newInstance(NativeConstructorAccessorImpl.java:62)
	at sun.reflect.DelegatingConstructorAccessorImpl.newInstance(DelegatingConstructorAccessorImpl.java:45)
	at java.lang.reflect.Constructor.newInstance(Constructor.java:423)
	at com.mysql.jdbc.Util.handleNewInstance(Util.java:425)
	at com.mysql.jdbc.Util.getInstance(Util.java:408)
	at com.mysql.jdbc.SQLError.createSQLException(SQLError.java:944)
	at com.mysql.jdbc.MysqlIO.checkErrorPacket(MysqlIO.java:3933)
	at com.mysql.jdbc.MysqlIO.checkErrorPacket(MysqlIO.java:3869)
	at com.mysql.jdbc.MysqlIO.sendCommand(MysqlIO.java:2524)
	at com.mysql.jdbc.MysqlIO.sqlQueryDirect(MysqlIO.java:2675)
	at com.mysql.jdbc.ConnectionImpl.execSQL(ConnectionImpl.java:2465)
	at com.mysql.jdbc.PreparedStatement.executeInternal(PreparedStatement.java:1912)
	at com.mysql.jdbc.PreparedStatement.executeQuery(PreparedStatement.java:2020)
	at lk.nsbm.dep.booking.dao.CrudUtil.execute(CrudUtil.java:16)
	at lk.nsbm.dep.booking.dao.custom.impl.DriverDAOImpl.getLastdrvId(DriverDAOImpl.java:64)
	at lk.nsbm.dep.booking.business.custom.Impl.DriverBOImpl.getLastDriverId(DriverBOImpl.java:45)
	at lk.nsbm.dep.booking.controller.DriverFormController.btn_new_Act(DriverFormController.java:110)
	at sun.reflect.NativeMethodAccessorImpl.invoke0(Native Method)
	at sun.reflect.NativeMethodAccessorImpl.invoke(NativeMethodAccessorImpl.java:62)
	at sun.reflect.DelegatingMethodAccessorImpl.invoke(DelegatingMethodAccessorImpl.java:43)
	at java.lang.reflect.Method.invoke(Method.java:498)
	at sun.reflect.misc.Trampoline.invoke(MethodUtil.java:71)
	at sun.reflect.GeneratedMethodAccessor1.invoke(Unknown Source)
	at sun.reflect.DelegatingMethodAccessorImpl.invoke(DelegatingMethodAccessorImpl.java:43)
	at java.lang.reflect.Method.invoke(Method.java:498)
	at sun.reflect.misc.MethodUtil.invoke(MethodUtil.java:275)
	at javafx.fxml.FXMLLoader$MethodHandler.invoke(FXMLLoader.java:1769)
	at javafx.fxml.FXMLLoader$ControllerMethodEventHandler.handle(FXMLLoader.java:1657)
	at com.sun.javafx.event.CompositeEventHandler.dispatchBubblingEvent(CompositeEventHandler.java:86)
	at com.sun.javafx.event.EventHandlerManager.dispatchBubblingEvent(EventHandlerManager.java:238)
	at com.sun.javafx.event.EventHandlerManager.dispatchBubblingEvent(EventHandlerManager.java:191)
	at com.sun.javafx.event.CompositeEventDispatcher.dispatchBubblingEvent(CompositeEventDispatcher.java:59)
	at com.sun.javafx.event.BasicEventDispatcher.dispatchEvent(BasicEventDispatcher.java:58)
	at com.sun.javafx.event.EventDispatchChainImpl.dispatchEvent(EventDispatchChainImpl.java:114)
	at com.sun.javafx.event.BasicEventDispatcher.dispatchEvent(BasicEventDispatcher.java:56)
	at com.sun.javafx.event.EventDispatchChainImpl.dispatchEvent(EventDispatchChainImpl.java:114)
	at com.sun.javafx.event.BasicEventDispatcher.dispatchEvent(BasicEventDispatcher.java:56)
	at com.sun.javafx.event.EventDispatchChainImpl.dispatchEvent(EventDispatchChainImpl.java:114)
	at com.sun.javafx.event.EventUtil.fireEventImpl(EventUtil.java:74)
	at com.sun.javafx.event.EventUtil.fireEvent(EventUtil.java:49)
	at javafx.event.Event.fireEvent(Event.java:198)
	at javafx.scene.Node.fireEvent(Node.java:8411)
	at javafx.scene.control.Button.fire(Button.java:185)
	at com.sun.javafx.scene.control.behavior.ButtonBehavior.mouseReleased(ButtonBehavior.java:182)
	at com.sun.javafx.scene.control.skin.BehaviorSkinBase$1.handle(BehaviorSkinBase.java:96)
	at com.sun.javafx.scene.control.skin.BehaviorSkinBase$1.handle(BehaviorSkinBase.java:89)
	at com.sun.javafx.event.CompositeEventHandler$NormalEventHandlerRecord.handleBubblingEvent(CompositeEventHandler.java:218)
	at com.sun.javafx.event.CompositeEventHandler.dispatchBubblingEvent(CompositeEventHandler.java:80)
	at com.sun.javafx.event.EventHandlerManager.dispatchBubblingEvent(EventHandlerManager.java:238)
	at com.sun.javafx.event.EventHandlerManager.dispatchBubblingEvent(EventHandlerManager.java:191)
	at com.sun.javafx.event.CompositeEventDispatcher.dispatchBubblingEvent(CompositeEventDispatcher.java:59)
	at com.sun.javafx.event.BasicEventDispatcher.dispatchEvent(BasicEventDispatcher.java:58)
	at com.sun.javafx.event.EventDispatchChainImpl.dispatchEvent(EventDispatchChainImpl.java:114)
	at com.sun.javafx.event.BasicEventDispatcher.dispatchEvent(BasicEventDispatcher.java:56)
	at com.sun.javafx.event.EventDispatchChainImpl.dispatchEvent(EventDispatchChainImpl.java:114)
	at com.sun.javafx.event.BasicEventDispatcher.dispatchEvent(BasicEventDispatcher.java:56)
	at com.sun.javafx.event.EventDispatchChainImpl.dispatchEvent(EventDispatchChainImpl.java:114)
	at com.sun.javafx.event.EventUtil.fireEventImpl(EventUtil.java:74)
	at com.sun.javafx.event.EventUtil.fireEvent(EventUtil.java:54)
	at javafx.event.Event.fireEvent(Event.java:198)
	at javafx.scene.Scene$MouseHandler.process(Scene.java:3757)
	at javafx.scene.Scene$MouseHandler.access$1500(Scene.java:3485)
	at javafx.scene.Scene.impl_processMouseEvent(Scene.java:1762)
	at javafx.scene.Scene$ScenePeerListener.mouseEvent(Scene.java:2494)
	at com.sun.javafx.tk.quantum.GlassViewEventHandler$MouseEventNotification.run(GlassViewEventHandler.java:394)
	at com.sun.javafx.tk.quantum.GlassViewEventHandler$MouseEventNotification.run(GlassViewEventHandler.java:295)
	at java.security.AccessController.doPrivileged(Native Method)
	at com.sun.javafx.tk.quantum.GlassViewEventHandler.lambda$handleMouseEvent$353(GlassViewEventHandler.java:432)
	at com.sun.javafx.tk.quantum.QuantumToolkit.runWithoutRenderLock(QuantumToolkit.java:389)
	at com.sun.javafx.tk.quantum.GlassViewEventHandler.handleMouseEvent(GlassViewEventHandler.java:431)
	at com.sun.glass.ui.View.handleMouseEvent(View.java:555)
	at com.sun.glass.ui.View.notifyMouse(View.java:937)
	at com.sun.glass.ui.win.WinApplication._runLoop(Native Method)
	at com.sun.glass.ui.win.WinApplication.lambda$null$147(WinApplication.java:177)
	at java.lang.Thread.run(Thread.java:748)

Oct 14, 2019 7:39:54 PM javafx.fxml.FXMLLoader$ValueElement processValue
WARNING: Loading FXML document with JavaFX API of version 10.0.1 by JavaFX runtime of version 8.0.201
Oct 14, 2019 7:39:57 PM javafx.fxml.FXMLLoader$ValueElement processValue
WARNING: Loading FXML document with JavaFX API of version 10.0.1 by JavaFX runtime of version 8.0.201
Oct 14, 2019 7:40:43 PM javafx.fxml.FXMLLoader$ValueElement processValue
WARNING: Loading FXML document with JavaFX API of version 10.0.1 by JavaFX runtime of version 8.0.201
Oct 14, 2019 7:40:45 PM javafx.fxml.FXMLLoader$ValueElement processValue
WARNING: Loading FXML document with JavaFX API of version 10.0.1 by JavaFX runtime of version 8.0.201
Oct 14, 2019 7:41:10 PM lk.nsbm.dep.booking.controller.DriverFormController btn_upadte_Act
SEVERE: null
com.mysql.jdbc.MysqlDataTruncation: Data truncation: Data too long for column 'drvId' at row 1
	at com.mysql.jdbc.MysqlIO.checkErrorPacket(MysqlIO.java:3931)
	at com.mysql.jdbc.MysqlIO.checkErrorPacket(MysqlIO.java:3869)
	at com.mysql.jdbc.MysqlIO.sendCommand(MysqlIO.java:2524)
	at com.mysql.jdbc.MysqlIO.sqlQueryDirect(MysqlIO.java:2675)
	at com.mysql.jdbc.ConnectionImpl.execSQL(ConnectionImpl.java:2465)
	at com.mysql.jdbc.PreparedStatement.executeInternal(PreparedStatement.java:1912)
	at com.mysql.jdbc.PreparedStatement.executeUpdateInternal(PreparedStatement.java:2133)
	at com.mysql.jdbc.PreparedStatement.executeUpdateInternal(PreparedStatement.java:2067)
	at com.mysql.jdbc.PreparedStatement.executeLargeUpdate(PreparedStatement.java:5175)
	at com.mysql.jdbc.PreparedStatement.executeUpdate(PreparedStatement.java:2052)
	at lk.nsbm.dep.booking.dao.CrudUtil.execute(CrudUtil.java:18)
	at lk.nsbm.dep.booking.dao.custom.impl.DriverDAOImpl.save(DriverDAOImpl.java:41)
	at lk.nsbm.dep.booking.dao.custom.impl.DriverDAOImpl.save(DriverDAOImpl.java:11)
	at lk.nsbm.dep.booking.business.custom.Impl.DriverBOImpl.saveDriver(DriverBOImpl.java:20)
	at lk.nsbm.dep.booking.controller.DriverFormController.btn_upadte_Act(DriverFormController.java:150)
	at sun.reflect.NativeMethodAccessorImpl.invoke0(Native Method)
	at sun.reflect.NativeMethodAccessorImpl.invoke(NativeMethodAccessorImpl.java:62)
	at sun.reflect.DelegatingMethodAccessorImpl.invoke(DelegatingMethodAccessorImpl.java:43)
	at java.lang.reflect.Method.invoke(Method.java:498)
	at sun.reflect.misc.Trampoline.invoke(MethodUtil.java:71)
	at sun.reflect.GeneratedMethodAccessor1.invoke(Unknown Source)
	at sun.reflect.DelegatingMethodAccessorImpl.invoke(DelegatingMethodAccessorImpl.java:43)
	at java.lang.reflect.Method.invoke(Method.java:498)
	at sun.reflect.misc.MethodUtil.invoke(MethodUtil.java:275)
	at javafx.fxml.FXMLLoader$MethodHandler.invoke(FXMLLoader.java:1769)
	at javafx.fxml.FXMLLoader$ControllerMethodEventHandler.handle(FXMLLoader.java:1657)
	at com.sun.javafx.event.CompositeEventHandler.dispatchBubblingEvent(CompositeEventHandler.java:86)
	at com.sun.javafx.event.EventHandlerManager.dispatchBubblingEvent(EventHandlerManager.java:238)
	at com.sun.javafx.event.EventHandlerManager.dispatchBubblingEvent(EventHandlerManager.java:191)
	at com.sun.javafx.event.CompositeEventDispatcher.dispatchBubblingEvent(CompositeEventDispatcher.java:59)
	at com.sun.javafx.event.BasicEventDispatcher.dispatchEvent(BasicEventDispatcher.java:58)
	at com.sun.javafx.event.EventDispatchChainImpl.dispatchEvent(EventDispatchChainImpl.java:114)
	at com.sun.javafx.event.BasicEventDispatcher.dispatchEvent(BasicEventDispatcher.java:56)
	at com.sun.javafx.event.EventDispatchChainImpl.dispatchEvent(EventDispatchChainImpl.java:114)
	at com.sun.javafx.event.BasicEventDispatcher.dispatchEvent(BasicEventDispatcher.java:56)
	at com.sun.javafx.event.EventDispatchChainImpl.dispatchEvent(EventDispatchChainImpl.java:114)
	at com.sun.javafx.event.EventUtil.fireEventImpl(EventUtil.java:74)
	at com.sun.javafx.event.EventUtil.fireEvent(EventUtil.java:49)
	at javafx.event.Event.fireEvent(Event.java:198)
	at javafx.scene.Node.fireEvent(Node.java:8411)
	at javafx.scene.control.Button.fire(Button.java:185)
	at com.sun.javafx.scene.control.behavior.ButtonBehavior.mouseReleased(ButtonBehavior.java:182)
	at com.sun.javafx.scene.control.skin.BehaviorSkinBase$1.handle(BehaviorSkinBase.java:96)
	at com.sun.javafx.scene.control.skin.BehaviorSkinBase$1.handle(BehaviorSkinBase.java:89)
	at com.sun.javafx.event.CompositeEventHandler$NormalEventHandlerRecord.handleBubblingEvent(CompositeEventHandler.java:218)
	at com.sun.javafx.event.CompositeEventHandler.dispatchBubblingEvent(CompositeEventHandler.java:80)
	at com.sun.javafx.event.EventHandlerManager.dispatchBubblingEvent(EventHandlerManager.java:238)
	at com.sun.javafx.event.EventHandlerManager.dispatchBubblingEvent(EventHandlerManager.java:191)
	at com.sun.javafx.event.CompositeEventDispatcher.dispatchBubblingEvent(CompositeEventDispatcher.java:59)
	at com.sun.javafx.event.BasicEventDispatcher.dispatchEvent(BasicEventDispatcher.java:58)
	at com.sun.javafx.event.EventDispatchChainImpl.dispatchEvent(EventDispatchChainImpl.java:114)
	at com.sun.javafx.event.BasicEventDispatcher.dispatchEvent(BasicEventDispatcher.java:56)
	at com.sun.javafx.event.EventDispatchChainImpl.dispatchEvent(EventDispatchChainImpl.java:114)
	at com.sun.javafx.event.BasicEventDispatcher.dispatchEvent(BasicEventDispatcher.java:56)
	at com.sun.javafx.event.EventDispatchChainImpl.dispatchEvent(EventDispatchChainImpl.java:114)
	at com.sun.javafx.event.EventUtil.fireEventImpl(EventUtil.java:74)
	at com.sun.javafx.event.EventUtil.fireEvent(EventUtil.java:54)
	at javafx.event.Event.fireEvent(Event.java:198)
	at javafx.scene.Scene$MouseHandler.process(Scene.java:3757)
	at javafx.scene.Scene$MouseHandler.access$1500(Scene.java:3485)
	at javafx.scene.Scene.impl_processMouseEvent(Scene.java:1762)
	at javafx.scene.Scene$ScenePeerListener.mouseEvent(Scene.java:2494)
	at com.sun.javafx.tk.quantum.GlassViewEventHandler$MouseEventNotification.run(GlassViewEventHandler.java:394)
	at com.sun.javafx.tk.quantum.GlassViewEventHandler$MouseEventNotification.run(GlassViewEventHandler.java:295)
	at java.security.AccessController.doPrivileged(Native Method)
	at com.sun.javafx.tk.quantum.GlassViewEventHandler.lambda$handleMouseEvent$353(GlassViewEventHandler.java:432)
	at com.sun.javafx.tk.quantum.QuantumToolkit.runWithoutRenderLock(QuantumToolkit.java:389)
	at com.sun.javafx.tk.quantum.GlassViewEventHandler.handleMouseEvent(GlassViewEventHandler.java:431)
	at com.sun.glass.ui.View.handleMouseEvent(View.java:555)
	at com.sun.glass.ui.View.notifyMouse(View.java:937)
	at com.sun.glass.ui.win.WinApplication._runLoop(Native Method)
	at com.sun.glass.ui.win.WinApplication.lambda$null$147(WinApplication.java:177)
	at java.lang.Thread.run(Thread.java:748)

Oct 14, 2019 7:41:59 PM javafx.fxml.FXMLLoader$ValueElement processValue
WARNING: Loading FXML document with JavaFX API of version 10.0.1 by JavaFX runtime of version 8.0.201
Oct 14, 2019 7:42:01 PM javafx.fxml.FXMLLoader$ValueElement processValue
WARNING: Loading FXML document with JavaFX API of version 10.0.1 by JavaFX runtime of version 8.0.201
Oct 14, 2019 7:43:20 PM lk.nsbm.dep.booking.controller.DriverFormController btn_upadte_Act
SEVERE: null
com.mysql.jdbc.MysqlDataTruncation: Data truncation: Data too long for column 'drvId' at row 1
	at com.mysql.jdbc.MysqlIO.checkErrorPacket(MysqlIO.java:3931)
	at com.mysql.jdbc.MysqlIO.checkErrorPacket(MysqlIO.java:3869)
	at com.mysql.jdbc.MysqlIO.sendCommand(MysqlIO.java:2524)
	at com.mysql.jdbc.MysqlIO.sqlQueryDirect(MysqlIO.java:2675)
	at com.mysql.jdbc.ConnectionImpl.execSQL(ConnectionImpl.java:2465)
	at com.mysql.jdbc.PreparedStatement.executeInternal(PreparedStatement.java:1912)
	at com.mysql.jdbc.PreparedStatement.executeUpdateInternal(PreparedStatement.java:2133)
	at com.mysql.jdbc.PreparedStatement.executeUpdateInternal(PreparedStatement.java:2067)
	at com.mysql.jdbc.PreparedStatement.executeLargeUpdate(PreparedStatement.java:5175)
	at com.mysql.jdbc.PreparedStatement.executeUpdate(PreparedStatement.java:2052)
	at lk.nsbm.dep.booking.dao.CrudUtil.execute(CrudUtil.java:18)
	at lk.nsbm.dep.booking.dao.custom.impl.DriverDAOImpl.save(DriverDAOImpl.java:41)
	at lk.nsbm.dep.booking.dao.custom.impl.DriverDAOImpl.save(DriverDAOImpl.java:11)
	at lk.nsbm.dep.booking.business.custom.Impl.DriverBOImpl.saveDriver(DriverBOImpl.java:20)
	at lk.nsbm.dep.booking.controller.DriverFormController.btn_upadte_Act(DriverFormController.java:150)
	at sun.reflect.NativeMethodAccessorImpl.invoke0(Native Method)
	at sun.reflect.NativeMethodAccessorImpl.invoke(NativeMethodAccessorImpl.java:62)
	at sun.reflect.DelegatingMethodAccessorImpl.invoke(DelegatingMethodAccessorImpl.java:43)
	at java.lang.reflect.Method.invoke(Method.java:498)
	at sun.reflect.misc.Trampoline.invoke(MethodUtil.java:71)
	at sun.reflect.GeneratedMethodAccessor1.invoke(Unknown Source)
	at sun.reflect.DelegatingMethodAccessorImpl.invoke(DelegatingMethodAccessorImpl.java:43)
	at java.lang.reflect.Method.invoke(Method.java:498)
	at sun.reflect.misc.MethodUtil.invoke(MethodUtil.java:275)
	at javafx.fxml.FXMLLoader$MethodHandler.invoke(FXMLLoader.java:1769)
	at javafx.fxml.FXMLLoader$ControllerMethodEventHandler.handle(FXMLLoader.java:1657)
	at com.sun.javafx.event.CompositeEventHandler.dispatchBubblingEvent(CompositeEventHandler.java:86)
	at com.sun.javafx.event.EventHandlerManager.dispatchBubblingEvent(EventHandlerManager.java:238)
	at com.sun.javafx.event.EventHandlerManager.dispatchBubblingEvent(EventHandlerManager.java:191)
	at com.sun.javafx.event.CompositeEventDispatcher.dispatchBubblingEvent(CompositeEventDispatcher.java:59)
	at com.sun.javafx.event.BasicEventDispatcher.dispatchEvent(BasicEventDispatcher.java:58)
	at com.sun.javafx.event.EventDispatchChainImpl.dispatchEvent(EventDispatchChainImpl.java:114)
	at com.sun.javafx.event.BasicEventDispatcher.dispatchEvent(BasicEventDispatcher.java:56)
	at com.sun.javafx.event.EventDispatchChainImpl.dispatchEvent(EventDispatchChainImpl.java:114)
	at com.sun.javafx.event.BasicEventDispatcher.dispatchEvent(BasicEventDispatcher.java:56)
	at com.sun.javafx.event.EventDispatchChainImpl.dispatchEvent(EventDispatchChainImpl.java:114)
	at com.sun.javafx.event.EventUtil.fireEventImpl(EventUtil.java:74)
	at com.sun.javafx.event.EventUtil.fireEvent(EventUtil.java:49)
	at javafx.event.Event.fireEvent(Event.java:198)
	at javafx.scene.Node.fireEvent(Node.java:8411)
	at javafx.scene.control.Button.fire(Button.java:185)
	at com.sun.javafx.scene.control.behavior.ButtonBehavior.mouseReleased(ButtonBehavior.java:182)
	at com.sun.javafx.scene.control.skin.BehaviorSkinBase$1.handle(BehaviorSkinBase.java:96)
	at com.sun.javafx.scene.control.skin.BehaviorSkinBase$1.handle(BehaviorSkinBase.java:89)
	at com.sun.javafx.event.CompositeEventHandler$NormalEventHandlerRecord.handleBubblingEvent(CompositeEventHandler.java:218)
	at com.sun.javafx.event.CompositeEventHandler.dispatchBubblingEvent(CompositeEventHandler.java:80)
	at com.sun.javafx.event.EventHandlerManager.dispatchBubblingEvent(EventHandlerManager.java:238)
	at com.sun.javafx.event.EventHandlerManager.dispatchBubblingEvent(EventHandlerManager.java:191)
	at com.sun.javafx.event.CompositeEventDispatcher.dispatchBubblingEvent(CompositeEventDispatcher.java:59)
	at com.sun.javafx.event.BasicEventDispatcher.dispatchEvent(BasicEventDispatcher.java:58)
	at com.sun.javafx.event.EventDispatchChainImpl.dispatchEvent(EventDispatchChainImpl.java:114)
	at com.sun.javafx.event.BasicEventDispatcher.dispatchEvent(BasicEventDispatcher.java:56)
	at com.sun.javafx.event.EventDispatchChainImpl.dispatchEvent(EventDispatchChainImpl.java:114)
	at com.sun.javafx.event.BasicEventDispatcher.dispatchEvent(BasicEventDispatcher.java:56)
	at com.sun.javafx.event.EventDispatchChainImpl.dispatchEvent(EventDispatchChainImpl.java:114)
	at com.sun.javafx.event.EventUtil.fireEventImpl(EventUtil.java:74)
	at com.sun.javafx.event.EventUtil.fireEvent(EventUtil.java:54)
	at javafx.event.Event.fireEvent(Event.java:198)
	at javafx.scene.Scene$MouseHandler.process(Scene.java:3757)
	at javafx.scene.Scene$MouseHandler.access$1500(Scene.java:3485)
	at javafx.scene.Scene.impl_processMouseEvent(Scene.java:1762)
	at javafx.scene.Scene$ScenePeerListener.mouseEvent(Scene.java:2494)
	at com.sun.javafx.tk.quantum.GlassViewEventHandler$MouseEventNotification.run(GlassViewEventHandler.java:394)
	at com.sun.javafx.tk.quantum.GlassViewEventHandler$MouseEventNotification.run(GlassViewEventHandler.java:295)
	at java.security.AccessController.doPrivileged(Native Method)
	at com.sun.javafx.tk.quantum.GlassViewEventHandler.lambda$handleMouseEvent$353(GlassViewEventHandler.java:432)
	at com.sun.javafx.tk.quantum.QuantumToolkit.runWithoutRenderLock(QuantumToolkit.java:389)
	at com.sun.javafx.tk.quantum.GlassViewEventHandler.handleMouseEvent(GlassViewEventHandler.java:431)
	at com.sun.glass.ui.View.handleMouseEvent(View.java:555)
	at com.sun.glass.ui.View.notifyMouse(View.java:937)
	at com.sun.glass.ui.win.WinApplication._runLoop(Native Method)
	at com.sun.glass.ui.win.WinApplication.lambda$null$147(WinApplication.java:177)
	at java.lang.Thread.run(Thread.java:748)

Oct 14, 2019 7:47:27 PM javafx.fxml.FXMLLoader$ValueElement processValue
WARNING: Loading FXML document with JavaFX API of version 10.0.1 by JavaFX runtime of version 8.0.201
Oct 14, 2019 7:47:29 PM javafx.fxml.FXMLLoader$ValueElement processValue
WARNING: Loading FXML document with JavaFX API of version 10.0.1 by JavaFX runtime of version 8.0.201
Oct 14, 2019 7:47:48 PM lk.nsbm.dep.booking.controller.DriverFormController btn_upadte_Act
SEVERE: null
com.mysql.jdbc.MysqlDataTruncation: Data truncation: Data too long for column 'drvId' at row 1
	at com.mysql.jdbc.MysqlIO.checkErrorPacket(MysqlIO.java:3931)
	at com.mysql.jdbc.MysqlIO.checkErrorPacket(MysqlIO.java:3869)
	at com.mysql.jdbc.MysqlIO.sendCommand(MysqlIO.java:2524)
	at com.mysql.jdbc.MysqlIO.sqlQueryDirect(MysqlIO.java:2675)
	at com.mysql.jdbc.ConnectionImpl.execSQL(ConnectionImpl.java:2465)
	at com.mysql.jdbc.PreparedStatement.executeInternal(PreparedStatement.java:1912)
	at com.mysql.jdbc.PreparedStatement.executeUpdateInternal(PreparedStatement.java:2133)
	at com.mysql.jdbc.PreparedStatement.executeUpdateInternal(PreparedStatement.java:2067)
	at com.mysql.jdbc.PreparedStatement.executeLargeUpdate(PreparedStatement.java:5175)
	at com.mysql.jdbc.PreparedStatement.executeUpdate(PreparedStatement.java:2052)
	at lk.nsbm.dep.booking.dao.CrudUtil.execute(CrudUtil.java:18)
	at lk.nsbm.dep.booking.dao.custom.impl.DriverDAOImpl.save(DriverDAOImpl.java:41)
	at lk.nsbm.dep.booking.dao.custom.impl.DriverDAOImpl.save(DriverDAOImpl.java:11)
	at lk.nsbm.dep.booking.business.custom.Impl.DriverBOImpl.saveDriver(DriverBOImpl.java:20)
	at lk.nsbm.dep.booking.controller.DriverFormController.btn_upadte_Act(DriverFormController.java:149)
	at sun.reflect.NativeMethodAccessorImpl.invoke0(Native Method)
	at sun.reflect.NativeMethodAccessorImpl.invoke(NativeMethodAccessorImpl.java:62)
	at sun.reflect.DelegatingMethodAccessorImpl.invoke(DelegatingMethodAccessorImpl.java:43)
	at java.lang.reflect.Method.invoke(Method.java:498)
	at sun.reflect.misc.Trampoline.invoke(MethodUtil.java:71)
	at sun.reflect.GeneratedMethodAccessor1.invoke(Unknown Source)
	at sun.reflect.DelegatingMethodAccessorImpl.invoke(DelegatingMethodAccessorImpl.java:43)
	at java.lang.reflect.Method.invoke(Method.java:498)
	at sun.reflect.misc.MethodUtil.invoke(MethodUtil.java:275)
	at javafx.fxml.FXMLLoader$MethodHandler.invoke(FXMLLoader.java:1769)
	at javafx.fxml.FXMLLoader$ControllerMethodEventHandler.handle(FXMLLoader.java:1657)
	at com.sun.javafx.event.CompositeEventHandler.dispatchBubblingEvent(CompositeEventHandler.java:86)
	at com.sun.javafx.event.EventHandlerManager.dispatchBubblingEvent(EventHandlerManager.java:238)
	at com.sun.javafx.event.EventHandlerManager.dispatchBubblingEvent(EventHandlerManager.java:191)
	at com.sun.javafx.event.CompositeEventDispatcher.dispatchBubblingEvent(CompositeEventDispatcher.java:59)
	at com.sun.javafx.event.BasicEventDispatcher.dispatchEvent(BasicEventDispatcher.java:58)
	at com.sun.javafx.event.EventDispatchChainImpl.dispatchEvent(EventDispatchChainImpl.java:114)
	at com.sun.javafx.event.BasicEventDispatcher.dispatchEvent(BasicEventDispatcher.java:56)
	at com.sun.javafx.event.EventDispatchChainImpl.dispatchEvent(EventDispatchChainImpl.java:114)
	at com.sun.javafx.event.BasicEventDispatcher.dispatchEvent(BasicEventDispatcher.java:56)
	at com.sun.javafx.event.EventDispatchChainImpl.dispatchEvent(EventDispatchChainImpl.java:114)
	at com.sun.javafx.event.EventUtil.fireEventImpl(EventUtil.java:74)
	at com.sun.javafx.event.EventUtil.fireEvent(EventUtil.java:49)
	at javafx.event.Event.fireEvent(Event.java:198)
	at javafx.scene.Node.fireEvent(Node.java:8411)
	at javafx.scene.control.Button.fire(Button.java:185)
	at com.sun.javafx.scene.control.behavior.ButtonBehavior.mouseReleased(ButtonBehavior.java:182)
	at com.sun.javafx.scene.control.skin.BehaviorSkinBase$1.handle(BehaviorSkinBase.java:96)
	at com.sun.javafx.scene.control.skin.BehaviorSkinBase$1.handle(BehaviorSkinBase.java:89)
	at com.sun.javafx.event.CompositeEventHandler$NormalEventHandlerRecord.handleBubblingEvent(CompositeEventHandler.java:218)
	at com.sun.javafx.event.CompositeEventHandler.dispatchBubblingEvent(CompositeEventHandler.java:80)
	at com.sun.javafx.event.EventHandlerManager.dispatchBubblingEvent(EventHandlerManager.java:238)
	at com.sun.javafx.event.EventHandlerManager.dispatchBubblingEvent(EventHandlerManager.java:191)
	at com.sun.javafx.event.CompositeEventDispatcher.dispatchBubblingEvent(CompositeEventDispatcher.java:59)
	at com.sun.javafx.event.BasicEventDispatcher.dispatchEvent(BasicEventDispatcher.java:58)
	at com.sun.javafx.event.EventDispatchChainImpl.dispatchEvent(EventDispatchChainImpl.java:114)
	at com.sun.javafx.event.BasicEventDispatcher.dispatchEvent(BasicEventDispatcher.java:56)
	at com.sun.javafx.event.EventDispatchChainImpl.dispatchEvent(EventDispatchChainImpl.java:114)
	at com.sun.javafx.event.BasicEventDispatcher.dispatchEvent(BasicEventDispatcher.java:56)
	at com.sun.javafx.event.EventDispatchChainImpl.dispatchEvent(EventDispatchChainImpl.java:114)
	at com.sun.javafx.event.EventUtil.fireEventImpl(EventUtil.java:74)
	at com.sun.javafx.event.EventUtil.fireEvent(EventUtil.java:54)
	at javafx.event.Event.fireEvent(Event.java:198)
	at javafx.scene.Scene$MouseHandler.process(Scene.java:3757)
	at javafx.scene.Scene$MouseHandler.access$1500(Scene.java:3485)
	at javafx.scene.Scene.impl_processMouseEvent(Scene.java:1762)
	at javafx.scene.Scene$ScenePeerListener.mouseEvent(Scene.java:2494)
	at com.sun.javafx.tk.quantum.GlassViewEventHandler$MouseEventNotification.run(GlassViewEventHandler.java:394)
	at com.sun.javafx.tk.quantum.GlassViewEventHandler$MouseEventNotification.run(GlassViewEventHandler.java:295)
	at java.security.AccessController.doPrivileged(Native Method)
	at com.sun.javafx.tk.quantum.GlassViewEventHandler.lambda$handleMouseEvent$353(GlassViewEventHandler.java:432)
	at com.sun.javafx.tk.quantum.QuantumToolkit.runWithoutRenderLock(QuantumToolkit.java:389)
	at com.sun.javafx.tk.quantum.GlassViewEventHandler.handleMouseEvent(GlassViewEventHandler.java:431)
	at com.sun.glass.ui.View.handleMouseEvent(View.java:555)
	at com.sun.glass.ui.View.notifyMouse(View.java:937)
	at com.sun.glass.ui.win.WinApplication._runLoop(Native Method)
	at com.sun.glass.ui.win.WinApplication.lambda$null$147(WinApplication.java:177)
	at java.lang.Thread.run(Thread.java:748)

Oct 14, 2019 7:47:51 PM lk.nsbm.dep.booking.controller.DriverFormController btn_upadte_Act
SEVERE: null
com.mysql.jdbc.MysqlDataTruncation: Data truncation: Data too long for column 'drvId' at row 1
	at com.mysql.jdbc.MysqlIO.checkErrorPacket(MysqlIO.java:3931)
	at com.mysql.jdbc.MysqlIO.checkErrorPacket(MysqlIO.java:3869)
	at com.mysql.jdbc.MysqlIO.sendCommand(MysqlIO.java:2524)
	at com.mysql.jdbc.MysqlIO.sqlQueryDirect(MysqlIO.java:2675)
	at com.mysql.jdbc.ConnectionImpl.execSQL(ConnectionImpl.java:2465)
	at com.mysql.jdbc.PreparedStatement.executeInternal(PreparedStatement.java:1912)
	at com.mysql.jdbc.PreparedStatement.executeUpdateInternal(PreparedStatement.java:2133)
	at com.mysql.jdbc.PreparedStatement.executeUpdateInternal(PreparedStatement.java:2067)
	at com.mysql.jdbc.PreparedStatement.executeLargeUpdate(PreparedStatement.java:5175)
	at com.mysql.jdbc.PreparedStatement.executeUpdate(PreparedStatement.java:2052)
	at lk.nsbm.dep.booking.dao.CrudUtil.execute(CrudUtil.java:18)
	at lk.nsbm.dep.booking.dao.custom.impl.DriverDAOImpl.save(DriverDAOImpl.java:41)
	at lk.nsbm.dep.booking.dao.custom.impl.DriverDAOImpl.save(DriverDAOImpl.java:11)
	at lk.nsbm.dep.booking.business.custom.Impl.DriverBOImpl.saveDriver(DriverBOImpl.java:20)
	at lk.nsbm.dep.booking.controller.DriverFormController.btn_upadte_Act(DriverFormController.java:149)
	at sun.reflect.NativeMethodAccessorImpl.invoke0(Native Method)
	at sun.reflect.NativeMethodAccessorImpl.invoke(NativeMethodAccessorImpl.java:62)
	at sun.reflect.DelegatingMethodAccessorImpl.invoke(DelegatingMethodAccessorImpl.java:43)
	at java.lang.reflect.Method.invoke(Method.java:498)
	at sun.reflect.misc.Trampoline.invoke(MethodUtil.java:71)
	at sun.reflect.GeneratedMethodAccessor1.invoke(Unknown Source)
	at sun.reflect.DelegatingMethodAccessorImpl.invoke(DelegatingMethodAccessorImpl.java:43)
	at java.lang.reflect.Method.invoke(Method.java:498)
	at sun.reflect.misc.MethodUtil.invoke(MethodUtil.java:275)
	at javafx.fxml.FXMLLoader$MethodHandler.invoke(FXMLLoader.java:1769)
	at javafx.fxml.FXMLLoader$ControllerMethodEventHandler.handle(FXMLLoader.java:1657)
	at com.sun.javafx.event.CompositeEventHandler.dispatchBubblingEvent(CompositeEventHandler.java:86)
	at com.sun.javafx.event.EventHandlerManager.dispatchBubblingEvent(EventHandlerManager.java:238)
	at com.sun.javafx.event.EventHandlerManager.dispatchBubblingEvent(EventHandlerManager.java:191)
	at com.sun.javafx.event.CompositeEventDispatcher.dispatchBubblingEvent(CompositeEventDispatcher.java:59)
	at com.sun.javafx.event.BasicEventDispatcher.dispatchEvent(BasicEventDispatcher.java:58)
	at com.sun.javafx.event.EventDispatchChainImpl.dispatchEvent(EventDispatchChainImpl.java:114)
	at com.sun.javafx.event.BasicEventDispatcher.dispatchEvent(BasicEventDispatcher.java:56)
	at com.sun.javafx.event.EventDispatchChainImpl.dispatchEvent(EventDispatchChainImpl.java:114)
	at com.sun.javafx.event.BasicEventDispatcher.dispatchEvent(BasicEventDispatcher.java:56)
	at com.sun.javafx.event.EventDispatchChainImpl.dispatchEvent(EventDispatchChainImpl.java:114)
	at com.sun.javafx.event.EventUtil.fireEventImpl(EventUtil.java:74)
	at com.sun.javafx.event.EventUtil.fireEvent(EventUtil.java:49)
	at javafx.event.Event.fireEvent(Event.java:198)
	at javafx.scene.Node.fireEvent(Node.java:8411)
	at javafx.scene.control.Button.fire(Button.java:185)
	at com.sun.javafx.scene.control.behavior.ButtonBehavior.mouseReleased(ButtonBehavior.java:182)
	at com.sun.javafx.scene.control.skin.BehaviorSkinBase$1.handle(BehaviorSkinBase.java:96)
	at com.sun.javafx.scene.control.skin.BehaviorSkinBase$1.handle(BehaviorSkinBase.java:89)
	at com.sun.javafx.event.CompositeEventHandler$NormalEventHandlerRecord.handleBubblingEvent(CompositeEventHandler.java:218)
	at com.sun.javafx.event.CompositeEventHandler.dispatchBubblingEvent(CompositeEventHandler.java:80)
	at com.sun.javafx.event.EventHandlerManager.dispatchBubblingEvent(EventHandlerManager.java:238)
	at com.sun.javafx.event.EventHandlerManager.dispatchBubblingEvent(EventHandlerManager.java:191)
	at com.sun.javafx.event.CompositeEventDispatcher.dispatchBubblingEvent(CompositeEventDispatcher.java:59)
	at com.sun.javafx.event.BasicEventDispatcher.dispatchEvent(BasicEventDispatcher.java:58)
	at com.sun.javafx.event.EventDispatchChainImpl.dispatchEvent(EventDispatchChainImpl.java:114)
	at com.sun.javafx.event.BasicEventDispatcher.dispatchEvent(BasicEventDispatcher.java:56)
	at com.sun.javafx.event.EventDispatchChainImpl.dispatchEvent(EventDispatchChainImpl.java:114)
	at com.sun.javafx.event.BasicEventDispatcher.dispatchEvent(BasicEventDispatcher.java:56)
	at com.sun.javafx.event.EventDispatchChainImpl.dispatchEvent(EventDispatchChainImpl.java:114)
	at com.sun.javafx.event.EventUtil.fireEventImpl(EventUtil.java:74)
	at com.sun.javafx.event.EventUtil.fireEvent(EventUtil.java:54)
	at javafx.event.Event.fireEvent(Event.java:198)
	at javafx.scene.Scene$MouseHandler.process(Scene.java:3757)
	at javafx.scene.Scene$MouseHandler.access$1500(Scene.java:3485)
	at javafx.scene.Scene.impl_processMouseEvent(Scene.java:1762)
	at javafx.scene.Scene$ScenePeerListener.mouseEvent(Scene.java:2494)
	at com.sun.javafx.tk.quantum.GlassViewEventHandler$MouseEventNotification.run(GlassViewEventHandler.java:394)
	at com.sun.javafx.tk.quantum.GlassViewEventHandler$MouseEventNotification.run(GlassViewEventHandler.java:295)
	at java.security.AccessController.doPrivileged(Native Method)
	at com.sun.javafx.tk.quantum.GlassViewEventHandler.lambda$handleMouseEvent$353(GlassViewEventHandler.java:432)
	at com.sun.javafx.tk.quantum.QuantumToolkit.runWithoutRenderLock(QuantumToolkit.java:389)
	at com.sun.javafx.tk.quantum.GlassViewEventHandler.handleMouseEvent(GlassViewEventHandler.java:431)
	at com.sun.glass.ui.View.handleMouseEvent(View.java:555)
	at com.sun.glass.ui.View.notifyMouse(View.java:937)
	at com.sun.glass.ui.win.WinApplication._runLoop(Native Method)
	at com.sun.glass.ui.win.WinApplication.lambda$null$147(WinApplication.java:177)
	at java.lang.Thread.run(Thread.java:748)

Oct 14, 2019 7:58:12 PM javafx.fxml.FXMLLoader$ValueElement processValue
WARNING: Loading FXML document with JavaFX API of version 10.0.1 by JavaFX runtime of version 8.0.201
Oct 14, 2019 7:58:15 PM javafx.fxml.FXMLLoader$ValueElement processValue
WARNING: Loading FXML document with JavaFX API of version 10.0.1 by JavaFX runtime of version 8.0.201
Oct 14, 2019 7:58:25 PM lk.nsbm.dep.booking.controller.DriverFormController btn_upadte_Act
SEVERE: null
com.mysql.jdbc.MysqlDataTruncation: Data truncation: Data too long for column 'drvId' at row 1
	at com.mysql.jdbc.MysqlIO.checkErrorPacket(MysqlIO.java:3931)
	at com.mysql.jdbc.MysqlIO.checkErrorPacket(MysqlIO.java:3869)
	at com.mysql.jdbc.MysqlIO.sendCommand(MysqlIO.java:2524)
	at com.mysql.jdbc.MysqlIO.sqlQueryDirect(MysqlIO.java:2675)
	at com.mysql.jdbc.ConnectionImpl.execSQL(ConnectionImpl.java:2465)
	at com.mysql.jdbc.PreparedStatement.executeInternal(PreparedStatement.java:1912)
	at com.mysql.jdbc.PreparedStatement.executeUpdateInternal(PreparedStatement.java:2133)
	at com.mysql.jdbc.PreparedStatement.executeUpdateInternal(PreparedStatement.java:2067)
	at com.mysql.jdbc.PreparedStatement.executeLargeUpdate(PreparedStatement.java:5175)
	at com.mysql.jdbc.PreparedStatement.executeUpdate(PreparedStatement.java:2052)
	at lk.nsbm.dep.booking.dao.CrudUtil.execute(CrudUtil.java:18)
	at lk.nsbm.dep.booking.dao.custom.impl.DriverDAOImpl.save(DriverDAOImpl.java:41)
	at lk.nsbm.dep.booking.dao.custom.impl.DriverDAOImpl.save(DriverDAOImpl.java:11)
	at lk.nsbm.dep.booking.business.custom.Impl.DriverBOImpl.saveDriver(DriverBOImpl.java:20)
	at lk.nsbm.dep.booking.controller.DriverFormController.btn_upadte_Act(DriverFormController.java:149)
	at sun.reflect.NativeMethodAccessorImpl.invoke0(Native Method)
	at sun.reflect.NativeMethodAccessorImpl.invoke(NativeMethodAccessorImpl.java:62)
	at sun.reflect.DelegatingMethodAccessorImpl.invoke(DelegatingMethodAccessorImpl.java:43)
	at java.lang.reflect.Method.invoke(Method.java:498)
	at sun.reflect.misc.Trampoline.invoke(MethodUtil.java:71)
	at sun.reflect.GeneratedMethodAccessor1.invoke(Unknown Source)
	at sun.reflect.DelegatingMethodAccessorImpl.invoke(DelegatingMethodAccessorImpl.java:43)
	at java.lang.reflect.Method.invoke(Method.java:498)
	at sun.reflect.misc.MethodUtil.invoke(MethodUtil.java:275)
	at javafx.fxml.FXMLLoader$MethodHandler.invoke(FXMLLoader.java:1769)
	at javafx.fxml.FXMLLoader$ControllerMethodEventHandler.handle(FXMLLoader.java:1657)
	at com.sun.javafx.event.CompositeEventHandler.dispatchBubblingEvent(CompositeEventHandler.java:86)
	at com.sun.javafx.event.EventHandlerManager.dispatchBubblingEvent(EventHandlerManager.java:238)
	at com.sun.javafx.event.EventHandlerManager.dispatchBubblingEvent(EventHandlerManager.java:191)
	at com.sun.javafx.event.CompositeEventDispatcher.dispatchBubblingEvent(CompositeEventDispatcher.java:59)
	at com.sun.javafx.event.BasicEventDispatcher.dispatchEvent(BasicEventDispatcher.java:58)
	at com.sun.javafx.event.EventDispatchChainImpl.dispatchEvent(EventDispatchChainImpl.java:114)
	at com.sun.javafx.event.BasicEventDispatcher.dispatchEvent(BasicEventDispatcher.java:56)
	at com.sun.javafx.event.EventDispatchChainImpl.dispatchEvent(EventDispatchChainImpl.java:114)
	at com.sun.javafx.event.BasicEventDispatcher.dispatchEvent(BasicEventDispatcher.java:56)
	at com.sun.javafx.event.EventDispatchChainImpl.dispatchEvent(EventDispatchChainImpl.java:114)
	at com.sun.javafx.event.EventUtil.fireEventImpl(EventUtil.java:74)
	at com.sun.javafx.event.EventUtil.fireEvent(EventUtil.java:49)
	at javafx.event.Event.fireEvent(Event.java:198)
	at javafx.scene.Node.fireEvent(Node.java:8411)
	at javafx.scene.control.Button.fire(Button.java:185)
	at com.sun.javafx.scene.control.behavior.ButtonBehavior.mouseReleased(ButtonBehavior.java:182)
	at com.sun.javafx.scene.control.skin.BehaviorSkinBase$1.handle(BehaviorSkinBase.java:96)
	at com.sun.javafx.scene.control.skin.BehaviorSkinBase$1.handle(BehaviorSkinBase.java:89)
	at com.sun.javafx.event.CompositeEventHandler$NormalEventHandlerRecord.handleBubblingEvent(CompositeEventHandler.java:218)
	at com.sun.javafx.event.CompositeEventHandler.dispatchBubblingEvent(CompositeEventHandler.java:80)
	at com.sun.javafx.event.EventHandlerManager.dispatchBubblingEvent(EventHandlerManager.java:238)
	at com.sun.javafx.event.EventHandlerManager.dispatchBubblingEvent(EventHandlerManager.java:191)
	at com.sun.javafx.event.CompositeEventDispatcher.dispatchBubblingEvent(CompositeEventDispatcher.java:59)
	at com.sun.javafx.event.BasicEventDispatcher.dispatchEvent(BasicEventDispatcher.java:58)
	at com.sun.javafx.event.EventDispatchChainImpl.dispatchEvent(EventDispatchChainImpl.java:114)
	at com.sun.javafx.event.BasicEventDispatcher.dispatchEvent(BasicEventDispatcher.java:56)
	at com.sun.javafx.event.EventDispatchChainImpl.dispatchEvent(EventDispatchChainImpl.java:114)
	at com.sun.javafx.event.BasicEventDispatcher.dispatchEvent(BasicEventDispatcher.java:56)
	at com.sun.javafx.event.EventDispatchChainImpl.dispatchEvent(EventDispatchChainImpl.java:114)
	at com.sun.javafx.event.EventUtil.fireEventImpl(EventUtil.java:74)
	at com.sun.javafx.event.EventUtil.fireEvent(EventUtil.java:54)
	at javafx.event.Event.fireEvent(Event.java:198)
	at javafx.scene.Scene$MouseHandler.process(Scene.java:3757)
	at javafx.scene.Scene$MouseHandler.access$1500(Scene.java:3485)
	at javafx.scene.Scene.impl_processMouseEvent(Scene.java:1762)
	at javafx.scene.Scene$ScenePeerListener.mouseEvent(Scene.java:2494)
	at com.sun.javafx.tk.quantum.GlassViewEventHandler$MouseEventNotification.run(GlassViewEventHandler.java:394)
	at com.sun.javafx.tk.quantum.GlassViewEventHandler$MouseEventNotification.run(GlassViewEventHandler.java:295)
	at java.security.AccessController.doPrivileged(Native Method)
	at com.sun.javafx.tk.quantum.GlassViewEventHandler.lambda$handleMouseEvent$353(GlassViewEventHandler.java:432)
	at com.sun.javafx.tk.quantum.QuantumToolkit.runWithoutRenderLock(QuantumToolkit.java:389)
	at com.sun.javafx.tk.quantum.GlassViewEventHandler.handleMouseEvent(GlassViewEventHandler.java:431)
	at com.sun.glass.ui.View.handleMouseEvent(View.java:555)
	at com.sun.glass.ui.View.notifyMouse(View.java:937)
	at com.sun.glass.ui.win.WinApplication._runLoop(Native Method)
	at com.sun.glass.ui.win.WinApplication.lambda$null$147(WinApplication.java:177)
	at java.lang.Thread.run(Thread.java:748)

Oct 14, 2019 11:40:19 PM lk.nsbm.dep.booking.controller.DriverFormController btn_upadte_Act
SEVERE: null
com.mysql.jdbc.MysqlDataTruncation: Data truncation: Data too long for column 'drvId' at row 1
	at com.mysql.jdbc.MysqlIO.checkErrorPacket(MysqlIO.java:3931)
	at com.mysql.jdbc.MysqlIO.checkErrorPacket(MysqlIO.java:3869)
	at com.mysql.jdbc.MysqlIO.sendCommand(MysqlIO.java:2524)
	at com.mysql.jdbc.MysqlIO.sqlQueryDirect(MysqlIO.java:2675)
	at com.mysql.jdbc.ConnectionImpl.execSQL(ConnectionImpl.java:2465)
	at com.mysql.jdbc.PreparedStatement.executeInternal(PreparedStatement.java:1912)
	at com.mysql.jdbc.PreparedStatement.executeUpdateInternal(PreparedStatement.java:2133)
	at com.mysql.jdbc.PreparedStatement.executeUpdateInternal(PreparedStatement.java:2067)
	at com.mysql.jdbc.PreparedStatement.executeLargeUpdate(PreparedStatement.java:5175)
	at com.mysql.jdbc.PreparedStatement.executeUpdate(PreparedStatement.java:2052)
	at lk.nsbm.dep.booking.dao.CrudUtil.execute(CrudUtil.java:18)
	at lk.nsbm.dep.booking.dao.custom.impl.DriverDAOImpl.save(DriverDAOImpl.java:41)
	at lk.nsbm.dep.booking.dao.custom.impl.DriverDAOImpl.save(DriverDAOImpl.java:11)
	at lk.nsbm.dep.booking.business.custom.Impl.DriverBOImpl.saveDriver(DriverBOImpl.java:20)
	at lk.nsbm.dep.booking.controller.DriverFormController.btn_upadte_Act(DriverFormController.java:149)
	at sun.reflect.NativeMethodAccessorImpl.invoke0(Native Method)
	at sun.reflect.NativeMethodAccessorImpl.invoke(NativeMethodAccessorImpl.java:62)
	at sun.reflect.DelegatingMethodAccessorImpl.invoke(DelegatingMethodAccessorImpl.java:43)
	at java.lang.reflect.Method.invoke(Method.java:498)
	at sun.reflect.misc.Trampoline.invoke(MethodUtil.java:71)
	at sun.reflect.GeneratedMethodAccessor1.invoke(Unknown Source)
	at sun.reflect.DelegatingMethodAccessorImpl.invoke(DelegatingMethodAccessorImpl.java:43)
	at java.lang.reflect.Method.invoke(Method.java:498)
	at sun.reflect.misc.MethodUtil.invoke(MethodUtil.java:275)
	at javafx.fxml.FXMLLoader$MethodHandler.invoke(FXMLLoader.java:1769)
	at javafx.fxml.FXMLLoader$ControllerMethodEventHandler.handle(FXMLLoader.java:1657)
	at com.sun.javafx.event.CompositeEventHandler.dispatchBubblingEvent(CompositeEventHandler.java:86)
	at com.sun.javafx.event.EventHandlerManager.dispatchBubblingEvent(EventHandlerManager.java:238)
	at com.sun.javafx.event.EventHandlerManager.dispatchBubblingEvent(EventHandlerManager.java:191)
	at com.sun.javafx.event.CompositeEventDispatcher.dispatchBubblingEvent(CompositeEventDispatcher.java:59)
	at com.sun.javafx.event.BasicEventDispatcher.dispatchEvent(BasicEventDispatcher.java:58)
	at com.sun.javafx.event.EventDispatchChainImpl.dispatchEvent(EventDispatchChainImpl.java:114)
	at com.sun.javafx.event.BasicEventDispatcher.dispatchEvent(BasicEventDispatcher.java:56)
	at com.sun.javafx.event.EventDispatchChainImpl.dispatchEvent(EventDispatchChainImpl.java:114)
	at com.sun.javafx.event.BasicEventDispatcher.dispatchEvent(BasicEventDispatcher.java:56)
	at com.sun.javafx.event.EventDispatchChainImpl.dispatchEvent(EventDispatchChainImpl.java:114)
	at com.sun.javafx.event.EventUtil.fireEventImpl(EventUtil.java:74)
	at com.sun.javafx.event.EventUtil.fireEvent(EventUtil.java:49)
	at javafx.event.Event.fireEvent(Event.java:198)
	at javafx.scene.Node.fireEvent(Node.java:8411)
	at javafx.scene.control.Button.fire(Button.java:185)
	at com.sun.javafx.scene.control.behavior.ButtonBehavior.mouseReleased(ButtonBehavior.java:182)
	at com.sun.javafx.scene.control.skin.BehaviorSkinBase$1.handle(BehaviorSkinBase.java:96)
	at com.sun.javafx.scene.control.skin.BehaviorSkinBase$1.handle(BehaviorSkinBase.java:89)
	at com.sun.javafx.event.CompositeEventHandler$NormalEventHandlerRecord.handleBubblingEvent(CompositeEventHandler.java:218)
	at com.sun.javafx.event.CompositeEventHandler.dispatchBubblingEvent(CompositeEventHandler.java:80)
	at com.sun.javafx.event.EventHandlerManager.dispatchBubblingEvent(EventHandlerManager.java:238)
	at com.sun.javafx.event.EventHandlerManager.dispatchBubblingEvent(EventHandlerManager.java:191)
	at com.sun.javafx.event.CompositeEventDispatcher.dispatchBubblingEvent(CompositeEventDispatcher.java:59)
	at com.sun.javafx.event.BasicEventDispatcher.dispatchEvent(BasicEventDispatcher.java:58)
	at com.sun.javafx.event.EventDispatchChainImpl.dispatchEvent(EventDispatchChainImpl.java:114)
	at com.sun.javafx.event.BasicEventDispatcher.dispatchEvent(BasicEventDispatcher.java:56)
	at com.sun.javafx.event.EventDispatchChainImpl.dispatchEvent(EventDispatchChainImpl.java:114)
	at com.sun.javafx.event.BasicEventDispatcher.dispatchEvent(BasicEventDispatcher.java:56)
	at com.sun.javafx.event.EventDispatchChainImpl.dispatchEvent(EventDispatchChainImpl.java:114)
	at com.sun.javafx.event.EventUtil.fireEventImpl(EventUtil.java:74)
	at com.sun.javafx.event.EventUtil.fireEvent(EventUtil.java:54)
	at javafx.event.Event.fireEvent(Event.java:198)
	at javafx.scene.Scene$MouseHandler.process(Scene.java:3757)
	at javafx.scene.Scene$MouseHandler.access$1500(Scene.java:3485)
	at javafx.scene.Scene.impl_processMouseEvent(Scene.java:1762)
	at javafx.scene.Scene$ScenePeerListener.mouseEvent(Scene.java:2494)
	at com.sun.javafx.tk.quantum.GlassViewEventHandler$MouseEventNotification.run(GlassViewEventHandler.java:394)
	at com.sun.javafx.tk.quantum.GlassViewEventHandler$MouseEventNotification.run(GlassViewEventHandler.java:295)
	at java.security.AccessController.doPrivileged(Native Method)
	at com.sun.javafx.tk.quantum.GlassViewEventHandler.lambda$handleMouseEvent$353(GlassViewEventHandler.java:432)
	at com.sun.javafx.tk.quantum.QuantumToolkit.runWithoutRenderLock(QuantumToolkit.java:389)
	at com.sun.javafx.tk.quantum.GlassViewEventHandler.handleMouseEvent(GlassViewEventHandler.java:431)
	at com.sun.glass.ui.View.handleMouseEvent(View.java:555)
	at com.sun.glass.ui.View.notifyMouse(View.java:937)
	at com.sun.glass.ui.win.WinApplication._runLoop(Native Method)
	at com.sun.glass.ui.win.WinApplication.lambda$null$147(WinApplication.java:177)
	at java.lang.Thread.run(Thread.java:748)

Oct 14, 2019 11:40:22 PM lk.nsbm.dep.booking.controller.DriverFormController btn_upadte_Act
SEVERE: null
com.mysql.jdbc.MysqlDataTruncation: Data truncation: Data too long for column 'drvId' at row 1
	at com.mysql.jdbc.MysqlIO.checkErrorPacket(MysqlIO.java:3931)
	at com.mysql.jdbc.MysqlIO.checkErrorPacket(MysqlIO.java:3869)
	at com.mysql.jdbc.MysqlIO.sendCommand(MysqlIO.java:2524)
	at com.mysql.jdbc.MysqlIO.sqlQueryDirect(MysqlIO.java:2675)
	at com.mysql.jdbc.ConnectionImpl.execSQL(ConnectionImpl.java:2465)
	at com.mysql.jdbc.PreparedStatement.executeInternal(PreparedStatement.java:1912)
	at com.mysql.jdbc.PreparedStatement.executeUpdateInternal(PreparedStatement.java:2133)
	at com.mysql.jdbc.PreparedStatement.executeUpdateInternal(PreparedStatement.java:2067)
	at com.mysql.jdbc.PreparedStatement.executeLargeUpdate(PreparedStatement.java:5175)
	at com.mysql.jdbc.PreparedStatement.executeUpdate(PreparedStatement.java:2052)
	at lk.nsbm.dep.booking.dao.CrudUtil.execute(CrudUtil.java:18)
	at lk.nsbm.dep.booking.dao.custom.impl.DriverDAOImpl.save(DriverDAOImpl.java:41)
	at lk.nsbm.dep.booking.dao.custom.impl.DriverDAOImpl.save(DriverDAOImpl.java:11)
	at lk.nsbm.dep.booking.business.custom.Impl.DriverBOImpl.saveDriver(DriverBOImpl.java:20)
	at lk.nsbm.dep.booking.controller.DriverFormController.btn_upadte_Act(DriverFormController.java:149)
	at sun.reflect.NativeMethodAccessorImpl.invoke0(Native Method)
	at sun.reflect.NativeMethodAccessorImpl.invoke(NativeMethodAccessorImpl.java:62)
	at sun.reflect.DelegatingMethodAccessorImpl.invoke(DelegatingMethodAccessorImpl.java:43)
	at java.lang.reflect.Method.invoke(Method.java:498)
	at sun.reflect.misc.Trampoline.invoke(MethodUtil.java:71)
	at sun.reflect.GeneratedMethodAccessor1.invoke(Unknown Source)
	at sun.reflect.DelegatingMethodAccessorImpl.invoke(DelegatingMethodAccessorImpl.java:43)
	at java.lang.reflect.Method.invoke(Method.java:498)
	at sun.reflect.misc.MethodUtil.invoke(MethodUtil.java:275)
	at javafx.fxml.FXMLLoader$MethodHandler.invoke(FXMLLoader.java:1769)
	at javafx.fxml.FXMLLoader$ControllerMethodEventHandler.handle(FXMLLoader.java:1657)
	at com.sun.javafx.event.CompositeEventHandler.dispatchBubblingEvent(CompositeEventHandler.java:86)
	at com.sun.javafx.event.EventHandlerManager.dispatchBubblingEvent(EventHandlerManager.java:238)
	at com.sun.javafx.event.EventHandlerManager.dispatchBubblingEvent(EventHandlerManager.java:191)
	at com.sun.javafx.event.CompositeEventDispatcher.dispatchBubblingEvent(CompositeEventDispatcher.java:59)
	at com.sun.javafx.event.BasicEventDispatcher.dispatchEvent(BasicEventDispatcher.java:58)
	at com.sun.javafx.event.EventDispatchChainImpl.dispatchEvent(EventDispatchChainImpl.java:114)
	at com.sun.javafx.event.BasicEventDispatcher.dispatchEvent(BasicEventDispatcher.java:56)
	at com.sun.javafx.event.EventDispatchChainImpl.dispatchEvent(EventDispatchChainImpl.java:114)
	at com.sun.javafx.event.BasicEventDispatcher.dispatchEvent(BasicEventDispatcher.java:56)
	at com.sun.javafx.event.EventDispatchChainImpl.dispatchEvent(EventDispatchChainImpl.java:114)
	at com.sun.javafx.event.EventUtil.fireEventImpl(EventUtil.java:74)
	at com.sun.javafx.event.EventUtil.fireEvent(EventUtil.java:49)
	at javafx.event.Event.fireEvent(Event.java:198)
	at javafx.scene.Node.fireEvent(Node.java:8411)
	at javafx.scene.control.Button.fire(Button.java:185)
	at com.sun.javafx.scene.control.behavior.ButtonBehavior.mouseReleased(ButtonBehavior.java:182)
	at com.sun.javafx.scene.control.skin.BehaviorSkinBase$1.handle(BehaviorSkinBase.java:96)
	at com.sun.javafx.scene.control.skin.BehaviorSkinBase$1.handle(BehaviorSkinBase.java:89)
	at com.sun.javafx.event.CompositeEventHandler$NormalEventHandlerRecord.handleBubblingEvent(CompositeEventHandler.java:218)
	at com.sun.javafx.event.CompositeEventHandler.dispatchBubblingEvent(CompositeEventHandler.java:80)
	at com.sun.javafx.event.EventHandlerManager.dispatchBubblingEvent(EventHandlerManager.java:238)
	at com.sun.javafx.event.EventHandlerManager.dispatchBubblingEvent(EventHandlerManager.java:191)
	at com.sun.javafx.event.CompositeEventDispatcher.dispatchBubblingEvent(CompositeEventDispatcher.java:59)
	at com.sun.javafx.event.BasicEventDispatcher.dispatchEvent(BasicEventDispatcher.java:58)
	at com.sun.javafx.event.EventDispatchChainImpl.dispatchEvent(EventDispatchChainImpl.java:114)
	at com.sun.javafx.event.BasicEventDispatcher.dispatchEvent(BasicEventDispatcher.java:56)
	at com.sun.javafx.event.EventDispatchChainImpl.dispatchEvent(EventDispatchChainImpl.java:114)
	at com.sun.javafx.event.BasicEventDispatcher.dispatchEvent(BasicEventDispatcher.java:56)
	at com.sun.javafx.event.EventDispatchChainImpl.dispatchEvent(EventDispatchChainImpl.java:114)
	at com.sun.javafx.event.EventUtil.fireEventImpl(EventUtil.java:74)
	at com.sun.javafx.event.EventUtil.fireEvent(EventUtil.java:54)
	at javafx.event.Event.fireEvent(Event.java:198)
	at javafx.scene.Scene$MouseHandler.process(Scene.java:3757)
	at javafx.scene.Scene$MouseHandler.access$1500(Scene.java:3485)
	at javafx.scene.Scene.impl_processMouseEvent(Scene.java:1762)
	at javafx.scene.Scene$ScenePeerListener.mouseEvent(Scene.java:2494)
	at com.sun.javafx.tk.quantum.GlassViewEventHandler$MouseEventNotification.run(GlassViewEventHandler.java:394)
	at com.sun.javafx.tk.quantum.GlassViewEventHandler$MouseEventNotification.run(GlassViewEventHandler.java:295)
	at java.security.AccessController.doPrivileged(Native Method)
	at com.sun.javafx.tk.quantum.GlassViewEventHandler.lambda$handleMouseEvent$353(GlassViewEventHandler.java:432)
	at com.sun.javafx.tk.quantum.QuantumToolkit.runWithoutRenderLock(QuantumToolkit.java:389)
	at com.sun.javafx.tk.quantum.GlassViewEventHandler.handleMouseEvent(GlassViewEventHandler.java:431)
	at com.sun.glass.ui.View.handleMouseEvent(View.java:555)
	at com.sun.glass.ui.View.notifyMouse(View.java:937)
	at com.sun.glass.ui.win.WinApplication._runLoop(Native Method)
	at com.sun.glass.ui.win.WinApplication.lambda$null$147(WinApplication.java:177)
	at java.lang.Thread.run(Thread.java:748)

Oct 15, 2019 6:06:13 AM javafx.fxml.FXMLLoader$ValueElement processValue
WARNING: Loading FXML document with JavaFX API of version 10.0.1 by JavaFX runtime of version 8.0.201
Oct 15, 2019 6:07:33 AM javafx.fxml.FXMLLoader$ValueElement processValue
WARNING: Loading FXML document with JavaFX API of version 10.0.1 by JavaFX runtime of version 8.0.201
Oct 15, 2019 6:07:36 AM javafx.fxml.FXMLLoader$ValueElement processValue
WARNING: Loading FXML document with JavaFX API of version 10.0.1 by JavaFX runtime of version 8.0.201
Oct 15, 2019 6:07:39 AM javafx.fxml.FXMLLoader$ValueElement processValue
WARNING: Loading FXML document with JavaFX API of version 10.0.1 by JavaFX runtime of version 8.0.201
Oct 15, 2019 11:27:02 AM javafx.fxml.FXMLLoader$ValueElement processValue
WARNING: Loading FXML document with JavaFX API of version 10.0.1 by JavaFX runtime of version 8.0.201
Oct 15, 2019 11:27:05 AM javafx.fxml.FXMLLoader$ValueElement processValue
WARNING: Loading FXML document with JavaFX API of version 10.0.1 by JavaFX runtime of version 8.0.201
Oct 15, 2019 11:27:58 AM javafx.fxml.FXMLLoader$ValueElement processValue
WARNING: Loading FXML document with JavaFX API of version 10.0.1 by JavaFX runtime of version 8.0.201
Oct 15, 2019 11:28:01 AM javafx.fxml.FXMLLoader$ValueElement processValue
WARNING: Loading FXML document with JavaFX API of version 10.0.1 by JavaFX runtime of version 8.0.201
Oct 15, 2019 11:28:26 AM javafx.fxml.FXMLLoader$ValueElement processValue
WARNING: Loading FXML document with JavaFX API of version 10.0.1 by JavaFX runtime of version 8.0.201
Oct 15, 2019 11:28:28 AM javafx.fxml.FXMLLoader$ValueElement processValue
WARNING: Loading FXML document with JavaFX API of version 10.0.1 by JavaFX runtime of version 8.0.201
Oct 15, 2019 11:28:30 AM javafx.fxml.FXMLLoader$ValueElement processValue
WARNING: Loading FXML document with JavaFX API of version 10.0.1 by JavaFX runtime of version 8.0.201
